Determining if the pthread_create exist failed with the following output:
Change Dir: /home/yin/demo_ws/demo05_ws/build/CMakeFiles/CMakeTmp

Run Build Command:"/usr/bin/make" "cmTC_dfdde/fast"
/usr/bin/make -f CMakeFiles/cmTC_dfdde.dir/build.make CMakeFiles/cmTC_dfdde.dir/build
make[1]: 进入目录“/home/yin/demo_ws/demo05_ws/build/CMakeFiles/CMakeTmp”
Building C object CMakeFiles/cmTC_dfdde.dir/CheckSymbolExists.c.o
/usr/bin/cc    -o CMakeFiles/cmTC_dfdde.dir/CheckSymbolExists.c.o   -c /home/yin/demo_ws/demo05_ws/build/CMakeFiles/CMakeTmp/CheckSymbolExists.c
Linking C executable cmTC_dfdde
/usr/bin/cmake -E cmake_link_script CMakeFiles/cmTC_dfdde.dir/link.txt --verbose=1
/usr/bin/cc      -rdynamic CMakeFiles/cmTC_dfdde.dir/CheckSymbolExists.c.o  -o cmTC_dfdde 
CMakeFiles/cmTC_dfdde.dir/CheckSymbolExists.c.o：在函数‘main’中：
CheckSymbolExists.c:(.text+0x1b)：对‘pthread_create’未定义的引用
collect2: error: ld returned 1 exit status
CMakeFiles/cmTC_dfdde.dir/build.make:97: recipe for target 'cmTC_dfdde' failed
make[1]: *** [cmTC_dfdde] Error 1
make[1]: 离开目录“/home/yin/demo_ws/demo05_ws/build/CMakeFiles/CMakeTmp”
Makefile:126: recipe for target 'cmTC_dfdde/fast' failed
make: *** [cmTC_dfdde/fast] Error 2

File /home/yin/demo_ws/demo05_ws/build/CMakeFiles/CMakeTmp/CheckSymbolExists.c:
/* */
#include <pthread.h>

int main(int argc, char** argv)
{
  (void)argv;
#ifndef pthread_create
  return ((int*)(&pthread_create))[argc];
#else
  (void)argc;
  return 0;
#endif
}

Determining if the function pthread_create exists in the pthreads failed with the following output:
Change Dir: /home/yin/demo_ws/demo05_ws/build/CMakeFiles/CMakeTmp

Run Build Command:"/usr/bin/make" "cmTC_c086a/fast"
/usr/bin/make -f CMakeFiles/cmTC_c086a.dir/build.make CMakeFiles/cmTC_c086a.dir/build
make[1]: 进入目录“/home/yin/demo_ws/demo05_ws/build/CMakeFiles/CMakeTmp”
Building C object CMakeFiles/cmTC_c086a.dir/CheckFunctionExists.c.o
/usr/bin/cc   -DCHECK_FUNCTION_EXISTS=pthread_create   -o CMakeFiles/cmTC_c086a.dir/CheckFunctionExists.c.o   -c /usr/share/cmake-3.10/Modules/CheckFunctionExists.c
Linking C executable cmTC_c086a
/usr/bin/cmake -E cmake_link_script CMakeFiles/cmTC_c086a.dir/link.txt --verbose=1
/usr/bin/cc  -DCHECK_FUNCTION_EXISTS=pthread_create    -rdynamic CMakeFiles/cmTC_c086a.dir/CheckFunctionExists.c.o  -o cmTC_c086a -lpthreads 
/usr/bin/ld: 找不到 -lpthreads
collect2: error: ld returned 1 exit status
CMakeFiles/cmTC_c086a.dir/build.make:97: recipe for target 'cmTC_c086a' failed
make[1]: *** [cmTC_c086a] Error 1
make[1]: 离开目录“/home/yin/demo_ws/demo05_ws/build/CMakeFiles/CMakeTmp”
Makefile:126: recipe for target 'cmTC_c086a/fast' failed
make: *** [cmTC_c086a/fast] Error 2


